CRITICAL - 2023-06-02 03:01:17 --> Undefined variable $all_data_pesanan
in APPPATH\Views\admin\dashPesanan.php on line 34.
 1 APPPATH\Views\admin\dashPesanan.php(34): CodeIgniter\Debug\Exceptions->errorHandler(2, 'Undefined variable $all_data_pesanan', 'C:\\xampp\\htdocs\\sushi-store\\app\\Views\\admin\\dashPesanan.php', 34)
 2 SYSTEMPATH\View\View.php(213): include('C:\\xampp\\htdocs\\sushi-store\\app\\Views\\admin\\dashPesanan.php')
 3 SYSTEMPATH\View\View.php(216): CodeIgniter\View\View->CodeIgniter\View\{closure}()
 4 SYSTEMPATH\Common.php(1184): CodeIgniter\View\View->render('admin/dashPesanan', [], true)
 5 APPPATH\Controllers\Home.php(10): view('admin/dashPesanan')
 6 SYSTEMPATH\CodeIgniter.php(934): App\Controllers\Home->index()
 7 SYSTEMPATH\CodeIgniter.php(499): CodeIgniter\CodeIgniter->runController(Object(App\Controllers\Home))
 8 SYSTEMPATH\CodeIgniter.php(368): CodeIgniter\CodeIgniter->handleRequest(null, Object(Config\Cache), false)
 9 FCPATH\index.php(67): CodeIgniter\CodeIgniter->run()
CRITICAL - 2023-06-02 03:53:53 --> Undefined variable $all_data_pesanan
in APPPATH\Views\admin\dashPesanan.php on line 34.
 1 APPPATH\Views\admin\dashPesanan.php(34): CodeIgniter\Debug\Exceptions->errorHandler(2, 'Undefined variable $all_data_pesanan', 'C:\\xampp\\htdocs\\sushi-store\\app\\Views\\admin\\dashPesanan.php', 34)
 2 SYSTEMPATH\View\View.php(213): include('C:\\xampp\\htdocs\\sushi-store\\app\\Views\\admin\\dashPesanan.php')
 3 SYSTEMPATH\View\View.php(216): CodeIgniter\View\View->CodeIgniter\View\{closure}()
 4 SYSTEMPATH\Common.php(1184): CodeIgniter\View\View->render('admin/dashPesanan', [], true)
 5 APPPATH\Controllers\Home.php(10): view('admin/dashPesanan')
 6 SYSTEMPATH\CodeIgniter.php(934): App\Controllers\Home->index()
 7 SYSTEMPATH\CodeIgniter.php(499): CodeIgniter\CodeIgniter->runController(Object(App\Controllers\Home))
 8 SYSTEMPATH\CodeIgniter.php(368): CodeIgniter\CodeIgniter->handleRequest(null, Object(Config\Cache), false)
 9 FCPATH\index.php(67): CodeIgniter\CodeIgniter->run()
CRITICAL - 2023-06-02 16:34:00 --> Undefined variable $all_data_pesanan
in APPPATH\Views\admin\dashPesanan.php on line 23.
 1 APPPATH\Views\admin\dashPesanan.php(23): CodeIgniter\Debug\Exceptions->errorHandler(2, 'Undefined variable $all_data_pesanan', 'C:\\xampp\\htdocs\\sushi-store_layout\\app\\Views\\admin\\dashPesanan.php', 23)
 2 SYSTEMPATH\View\View.php(213): include('C:\\xampp\\htdocs\\sushi-store_layout\\app\\Views\\admin\\dashPesanan.php')
 3 SYSTEMPATH\View\View.php(216): CodeIgniter\View\View->CodeIgniter\View\{closure}()
 4 SYSTEMPATH\Common.php(1184): CodeIgniter\View\View->render('admin/dashPesanan', [], true)
 5 APPPATH\Controllers\Home.php(9): view('admin/dashPesanan')
 6 SYSTEMPATH\CodeIgniter.php(934): App\Controllers\Home->index()
 7 SYSTEMPATH\CodeIgniter.php(499): CodeIgniter\CodeIgniter->runController(Object(App\Controllers\Home))
 8 SYSTEMPATH\CodeIgniter.php(368): CodeIgniter\CodeIgniter->handleRequest(null, Object(Config\Cache), false)
 9 FCPATH\index.php(67): CodeIgniter\CodeIgniter->run()
10 SYSTEMPATH\Commands\Server\rewrite.php(47): require_once('C:\\xampp\\htdocs\\sushi-store_layout\\public\\index.php')
