INFO - 2023-06-19 05:38:28 --> Session: Class initialized using 'CodeIgniter\Session\Handlers\FileHandler' driver.
INFO - 2023-06-19 05:38:28 --> Session: Class initialized using 'CodeIgniter\Session\Handlers\FileHandler' driver.
INFO - 2023-06-19 05:38:55 --> Session: Class initialized using 'CodeIgniter\Session\Handlers\FileHandler' driver.
INFO - 2023-06-19 05:38:55 --> Session: Class initialized using 'CodeIgniter\Session\Handlers\FileHandler' driver.
INFO - 2023-06-19 05:39:20 --> Session: Class initialized using 'CodeIgniter\Session\Handlers\FileHandler' driver.
INFO - 2023-06-19 05:39:21 --> Session: Class initialized using 'CodeIgniter\Session\Handlers\FileHandler' driver.
INFO - 2023-06-19 05:39:35 --> Session: Class initialized using 'CodeIgniter\Session\Handlers\FileHandler' driver.
INFO - 2023-06-19 05:39:45 --> Session: Class initialized using 'CodeIgniter\Session\Handlers\FileHandler' driver.
CRITICAL - 2023-06-19 06:50:45 --> Undefined variable $tables
in APPPATH\Views\user\awal.php on line 27.
 1 APPPATH\Views\user\awal.php(27): CodeIgniter\Debug\Exceptions->errorHandler(2, 'Undefined variable $tables', 'C:\\xampp\\htdocs\\final-project-webprogII\\final-project-webprogII\\app\\Views\\user\\awal.php', 27)
 2 SYSTEMPATH\View\View.php(213): include('C:\\xampp\\htdocs\\final-project-webprogII\\final-project-webprogII\\app\\Views\\user\\awal.php')
 3 SYSTEMPATH\View\View.php(216): CodeIgniter\View\View->CodeIgniter\View\{closure}()
 4 SYSTEMPATH\Common.php(1184): CodeIgniter\View\View->render('user/awal', [], true)
 5 APPPATH\Controllers\Home.php(24): view('user/awal')
 6 SYSTEMPATH\CodeIgniter.php(934): App\Controllers\Home->awal()
 7 SYSTEMPATH\CodeIgniter.php(499): CodeIgniter\CodeIgniter->runController(Object(App\Controllers\Home))
 8 SYSTEMPATH\CodeIgniter.php(368): CodeIgniter\CodeIgniter->handleRequest(null, Object(Config\Cache), false)
 9 FCPATH\index.php(67): CodeIgniter\CodeIgniter->run()
10 SYSTEMPATH\Commands\Server\rewrite.php(47): require_once('C:\\xampp\\htdocs\\final-project-webprogII\\final-project-webprogII\\public\\index.php')
CRITICAL - 2023-06-19 07:08:42 --> Undefined variable $tables
in APPPATH\Views\user\awal.php on line 27.
 1 APPPATH\Views\user\awal.php(27): CodeIgniter\Debug\Exceptions->errorHandler(2, 'Undefined variable $tables', 'C:\\xampp\\htdocs\\final-project-webprogII\\final-project-webprogII\\app\\Views\\user\\awal.php', 27)
 2 SYSTEMPATH\View\View.php(213): include('C:\\xampp\\htdocs\\final-project-webprogII\\final-project-webprogII\\app\\Views\\user\\awal.php')
 3 SYSTEMPATH\View\View.php(216): CodeIgniter\View\View->CodeIgniter\View\{closure}()
 4 SYSTEMPATH\Common.php(1184): CodeIgniter\View\View->render('user/awal', [], true)
 5 APPPATH\Controllers\Home.php(24): view('user/awal')
 6 SYSTEMPATH\CodeIgniter.php(934): App\Controllers\Home->awal()
 7 SYSTEMPATH\CodeIgniter.php(499): CodeIgniter\CodeIgniter->runController(Object(App\Controllers\Home))
 8 SYSTEMPATH\CodeIgniter.php(368): CodeIgniter\CodeIgniter->handleRequest(null, Object(Config\Cache), false)
 9 FCPATH\index.php(67): CodeIgniter\CodeIgniter->run()
10 SYSTEMPATH\Commands\Server\rewrite.php(47): require_once('C:\\xampp\\htdocs\\final-project-webprogII\\final-project-webprogII\\public\\index.php')
CRITICAL - 2023-06-19 07:10:20 --> Undefined variable $tables
in APPPATH\Views\user\awal.php on line 27.
 1 APPPATH\Views\user\awal.php(27): CodeIgniter\Debug\Exceptions->errorHandler(2, 'Undefined variable $tables', 'C:\\xampp\\htdocs\\final-project-webprogII\\final-project-webprogII\\app\\Views\\user\\awal.php', 27)
 2 SYSTEMPATH\View\View.php(213): include('C:\\xampp\\htdocs\\final-project-webprogII\\final-project-webprogII\\app\\Views\\user\\awal.php')
 3 SYSTEMPATH\View\View.php(216): CodeIgniter\View\View->CodeIgniter\View\{closure}()
 4 SYSTEMPATH\Common.php(1184): CodeIgniter\View\View->render('user/awal', [], true)
 5 APPPATH\Controllers\Home.php(24): view('user/awal')
 6 SYSTEMPATH\CodeIgniter.php(934): App\Controllers\Home->awal()
 7 SYSTEMPATH\CodeIgniter.php(499): CodeIgniter\CodeIgniter->runController(Object(App\Controllers\Home))
 8 SYSTEMPATH\CodeIgniter.php(368): CodeIgniter\CodeIgniter->handleRequest(null, Object(Config\Cache), false)
 9 FCPATH\index.php(67): CodeIgniter\CodeIgniter->run()
10 SYSTEMPATH\Commands\Server\rewrite.php(47): require_once('C:\\xampp\\htdocs\\final-project-webprogII\\final-project-webprogII\\public\\index.php')
CRITICAL - 2023-06-19 07:10:25 --> Undefined variable $tables
in APPPATH\Views\user\awal.php on line 27.
 1 APPPATH\Views\user\awal.php(27): CodeIgniter\Debug\Exceptions->errorHandler(2, 'Undefined variable $tables', 'C:\\xampp\\htdocs\\final-project-webprogII\\final-project-webprogII\\app\\Views\\user\\awal.php', 27)
 2 SYSTEMPATH\View\View.php(213): include('C:\\xampp\\htdocs\\final-project-webprogII\\final-project-webprogII\\app\\Views\\user\\awal.php')
 3 SYSTEMPATH\View\View.php(216): CodeIgniter\View\View->CodeIgniter\View\{closure}()
 4 SYSTEMPATH\Common.php(1184): CodeIgniter\View\View->render('user/awal', [], true)
 5 APPPATH\Controllers\Home.php(24): view('user/awal')
 6 SYSTEMPATH\CodeIgniter.php(934): App\Controllers\Home->awal()
 7 SYSTEMPATH\CodeIgniter.php(499): CodeIgniter\CodeIgniter->runController(Object(App\Controllers\Home))
 8 SYSTEMPATH\CodeIgniter.php(368): CodeIgniter\CodeIgniter->handleRequest(null, Object(Config\Cache), false)
 9 FCPATH\index.php(67): CodeIgniter\CodeIgniter->run()
10 SYSTEMPATH\Commands\Server\rewrite.php(47): require_once('C:\\xampp\\htdocs\\final-project-webprogII\\final-project-webprogII\\public\\index.php')
CRITICAL - 2023-06-19 07:10:40 --> Undefined variable $tables
in APPPATH\Views\user\awal.php on line 27.
 1 APPPATH\Views\user\awal.php(27): CodeIgniter\Debug\Exceptions->errorHandler(2, 'Undefined variable $tables', 'C:\\xampp\\htdocs\\final-project-webprogII\\final-project-webprogII\\app\\Views\\user\\awal.php', 27)
 2 SYSTEMPATH\View\View.php(213): include('C:\\xampp\\htdocs\\final-project-webprogII\\final-project-webprogII\\app\\Views\\user\\awal.php')
 3 SYSTEMPATH\View\View.php(216): CodeIgniter\View\View->CodeIgniter\View\{closure}()
 4 SYSTEMPATH\Common.php(1184): CodeIgniter\View\View->render('user/awal', [], true)
 5 APPPATH\Controllers\Home.php(24): view('user/awal')
 6 SYSTEMPATH\CodeIgniter.php(934): App\Controllers\Home->awal()
 7 SYSTEMPATH\CodeIgniter.php(499): CodeIgniter\CodeIgniter->runController(Object(App\Controllers\Home))
 8 SYSTEMPATH\CodeIgniter.php(368): CodeIgniter\CodeIgniter->handleRequest(null, Object(Config\Cache), false)
 9 FCPATH\index.php(67): CodeIgniter\CodeIgniter->run()
10 SYSTEMPATH\Commands\Server\rewrite.php(47): require_once('C:\\xampp\\htdocs\\final-project-webprogII\\final-project-webprogII\\public\\index.php')
CRITICAL - 2023-06-19 07:10:41 --> Undefined variable $tables
in APPPATH\Views\user\awal.php on line 27.
 1 APPPATH\Views\user\awal.php(27): CodeIgniter\Debug\Exceptions->errorHandler(2, 'Undefined variable $tables', 'C:\\xampp\\htdocs\\final-project-webprogII\\final-project-webprogII\\app\\Views\\user\\awal.php', 27)
 2 SYSTEMPATH\View\View.php(213): include('C:\\xampp\\htdocs\\final-project-webprogII\\final-project-webprogII\\app\\Views\\user\\awal.php')
 3 SYSTEMPATH\View\View.php(216): CodeIgniter\View\View->CodeIgniter\View\{closure}()
 4 SYSTEMPATH\Common.php(1184): CodeIgniter\View\View->render('user/awal', [], true)
 5 APPPATH\Controllers\Home.php(24): view('user/awal')
 6 SYSTEMPATH\CodeIgniter.php(934): App\Controllers\Home->awal()
 7 SYSTEMPATH\CodeIgniter.php(499): CodeIgniter\CodeIgniter->runController(Object(App\Controllers\Home))
 8 SYSTEMPATH\CodeIgniter.php(368): CodeIgniter\CodeIgniter->handleRequest(null, Object(Config\Cache), false)
 9 FCPATH\index.php(67): CodeIgniter\CodeIgniter->run()
10 SYSTEMPATH\Commands\Server\rewrite.php(47): require_once('C:\\xampp\\htdocs\\final-project-webprogII\\final-project-webprogII\\public\\index.php')
CRITICAL - 2023-06-19 07:11:51 --> Undefined variable $tables
in APPPATH\Views\user\awal.php on line 27.
 1 APPPATH\Views\user\awal.php(27): CodeIgniter\Debug\Exceptions->errorHandler(2, 'Undefined variable $tables', 'C:\\xampp\\htdocs\\final-project-webprogII\\final-project-webprogII\\app\\Views\\user\\awal.php', 27)
 2 SYSTEMPATH\View\View.php(213): include('C:\\xampp\\htdocs\\final-project-webprogII\\final-project-webprogII\\app\\Views\\user\\awal.php')
 3 SYSTEMPATH\View\View.php(216): CodeIgniter\View\View->CodeIgniter\View\{closure}()
 4 SYSTEMPATH\Common.php(1184): CodeIgniter\View\View->render('user/awal', [], true)
 5 APPPATH\Controllers\Home.php(24): view('user/awal')
 6 SYSTEMPATH\CodeIgniter.php(934): App\Controllers\Home->awal()
 7 SYSTEMPATH\CodeIgniter.php(499): CodeIgniter\CodeIgniter->runController(Object(App\Controllers\Home))
 8 SYSTEMPATH\CodeIgniter.php(368): CodeIgniter\CodeIgniter->handleRequest(null, Object(Config\Cache), false)
 9 FCPATH\index.php(67): CodeIgniter\CodeIgniter->run()
10 SYSTEMPATH\Commands\Server\rewrite.php(47): require_once('C:\\xampp\\htdocs\\final-project-webprogII\\final-project-webprogII\\public\\index.php')
CRITICAL - 2023-06-19 07:12:08 --> Undefined variable $tables
in APPPATH\Views\user\awal.php on line 27.
 1 APPPATH\Views\user\awal.php(27): CodeIgniter\Debug\Exceptions->errorHandler(2, 'Undefined variable $tables', 'C:\\xampp\\htdocs\\final-project-webprogII\\final-project-webprogII\\app\\Views\\user\\awal.php', 27)
 2 SYSTEMPATH\View\View.php(213): include('C:\\xampp\\htdocs\\final-project-webprogII\\final-project-webprogII\\app\\Views\\user\\awal.php')
 3 SYSTEMPATH\View\View.php(216): CodeIgniter\View\View->CodeIgniter\View\{closure}()
 4 SYSTEMPATH\Common.php(1184): CodeIgniter\View\View->render('user/awal', [], true)
 5 APPPATH\Controllers\Home.php(24): view('user/awal')
 6 SYSTEMPATH\CodeIgniter.php(934): App\Controllers\Home->awal()
 7 SYSTEMPATH\CodeIgniter.php(499): CodeIgniter\CodeIgniter->runController(Object(App\Controllers\Home))
 8 SYSTEMPATH\CodeIgniter.php(368): CodeIgniter\CodeIgniter->handleRequest(null, Object(Config\Cache), false)
 9 FCPATH\index.php(67): CodeIgniter\CodeIgniter->run()
10 SYSTEMPATH\Commands\Server\rewrite.php(47): require_once('C:\\xampp\\htdocs\\final-project-webprogII\\final-project-webprogII\\public\\index.php')
INFO - 2023-06-19 07:32:44 --> Session: Class initialized using 'CodeIgniter\Session\Handlers\FileHandler' driver.
INFO - 2023-06-19 07:32:47 --> Session: Class initialized using 'CodeIgniter\Session\Handlers\FileHandler' driver.
INFO - 2023-06-19 09:20:58 --> Session: Class initialized using 'CodeIgniter\Session\Handlers\FileHandler' driver.
INFO - 2023-06-19 09:21:02 --> Session: Class initialized using 'CodeIgniter\Session\Handlers\FileHandler' driver.
CRITICAL - 2023-06-19 09:21:38 --> Invalid file: "admin/manage_tables.php"
in SYSTEMPATH\Exceptions\FrameworkException.php on line 33.
 1 SYSTEMPATH\View\View.php(201): CodeIgniter\Exceptions\FrameworkException::forInvalidFile('admin/manage_tables.php')
 2 SYSTEMPATH\Common.php(1184): CodeIgniter\View\View->render('admin/manage_tables', [], true)
 3 APPPATH\Controllers\AdminController.php(16): view('admin/manage_tables', [...])
 4 SYSTEMPATH\CodeIgniter.php(934): App\Controllers\AdminController->manageTables()
 5 SYSTEMPATH\CodeIgniter.php(499): CodeIgniter\CodeIgniter->runController(Object(App\Controllers\AdminController))
 6 SYSTEMPATH\CodeIgniter.php(368): CodeIgniter\CodeIgniter->handleRequest(null, Object(Config\Cache), false)
 7 FCPATH\index.php(67): CodeIgniter\CodeIgniter->run()
 8 SYSTEMPATH\Commands\Server\rewrite.php(47): require_once('C:\\xampp\\htdocs\\final-project-webprogII\\final-project-webprogII\\public\\index.php')
CRITICAL - 2023-06-19 09:22:52 --> Undefined array key "table_name"
in APPPATH\Views\admin\dashTable.php on line 31.
 1 APPPATH\Views\admin\dashTable.php(31): CodeIgniter\Debug\Exceptions->errorHandler(2, 'Undefined array key "table_name"', 'C:\\xampp\\htdocs\\final-project-webprogII\\final-project-webprogII\\app\\Views\\admin\\dashTable.php', 31)
 2 SYSTEMPATH\View\View.php(213): include('C:\\xampp\\htdocs\\final-project-webprogII\\final-project-webprogII\\app\\Views\\admin\\dashTable.php')
 3 SYSTEMPATH\View\View.php(216): CodeIgniter\View\View->CodeIgniter\View\{closure}()
 4 SYSTEMPATH\Common.php(1184): CodeIgniter\View\View->render('admin/dashTable', [], true)
 5 APPPATH\Controllers\AdminController.php(16): view('admin/dashTable', [...])
 6 SYSTEMPATH\CodeIgniter.php(934): App\Controllers\AdminController->manageTables()
 7 SYSTEMPATH\CodeIgniter.php(499): CodeIgniter\CodeIgniter->runController(Object(App\Controllers\AdminController))
 8 SYSTEMPATH\CodeIgniter.php(368): CodeIgniter\CodeIgniter->handleRequest(null, Object(Config\Cache), false)
 9 FCPATH\index.php(67): CodeIgniter\CodeIgniter->run()
10 SYSTEMPATH\Commands\Server\rewrite.php(47): require_once('C:\\xampp\\htdocs\\final-project-webprogII\\final-project-webprogII\\public\\index.php')
CRITICAL - 2023-06-19 09:27:08 --> Undefined array key "active"
in APPPATH\Views\admin\dashTable.php on line 33.
 1 APPPATH\Views\admin\dashTable.php(33): CodeIgniter\Debug\Exceptions->errorHandler(2, 'Undefined array key "active"', 'C:\\xampp\\htdocs\\final-project-webprogII\\final-project-webprogII\\app\\Views\\admin\\dashTable.php', 33)
 2 SYSTEMPATH\View\View.php(213): include('C:\\xampp\\htdocs\\final-project-webprogII\\final-project-webprogII\\app\\Views\\admin\\dashTable.php')
 3 SYSTEMPATH\View\View.php(216): CodeIgniter\View\View->CodeIgniter\View\{closure}()
 4 SYSTEMPATH\Common.php(1184): CodeIgniter\View\View->render('admin/dashTable', [], true)
 5 APPPATH\Controllers\AdminController.php(16): view('admin/dashTable', [...])
 6 SYSTEMPATH\CodeIgniter.php(934): App\Controllers\AdminController->manageTables()
 7 SYSTEMPATH\CodeIgniter.php(499): CodeIgniter\CodeIgniter->runController(Object(App\Controllers\AdminController))
 8 SYSTEMPATH\CodeIgniter.php(368): CodeIgniter\CodeIgniter->handleRequest(null, Object(Config\Cache), false)
 9 FCPATH\index.php(67): CodeIgniter\CodeIgniter->run()
10 SYSTEMPATH\Commands\Server\rewrite.php(47): require_once('C:\\xampp\\htdocs\\final-project-webprogII\\final-project-webprogII\\public\\index.php')
ERROR - 2023-06-19 09:30:29 --> mysqli_sql_exception: Column 'table_number' cannot be null in C:\xampp\htdocs\final-project-webprogII\final-project-webprogII\system\Database\MySQLi\Connection.php:295
Stack trace:
#0 C:\xampp\htdocs\final-project-webprogII\final-project-webprogII\system\Database\MySQLi\Connection.php(295): mysqli->query('INSERT INTO `ta...', 0)
#1 C:\xampp\htdocs\final-project-webprogII\final-project-webprogII\system\Database\BaseConnection.php(691): CodeIgniter\Database\MySQLi\Connection->execute('INSERT INTO `ta...')
#2 C:\xampp\htdocs\final-project-webprogII\final-project-webprogII\system\Database\BaseConnection.php(605): CodeIgniter\Database\BaseConnection->simpleQuery('INSERT INTO `ta...')
#3 C:\xampp\htdocs\final-project-webprogII\final-project-webprogII\system\Database\BaseBuilder.php(2309): CodeIgniter\Database\BaseConnection->query('INSERT INTO `ta...', Array, false)
#4 C:\xampp\htdocs\final-project-webprogII\final-project-webprogII\system\Model.php(330): CodeIgniter\Database\BaseBuilder->insert()
#5 C:\xampp\htdocs\final-project-webprogII\final-project-webprogII\system\BaseModel.php(782): CodeIgniter\Model->doInsert(Array)
#6 C:\xampp\htdocs\final-project-webprogII\final-project-webprogII\system\Model.php(730): CodeIgniter\BaseModel->insert(Array, true)
#7 C:\xampp\htdocs\final-project-webprogII\final-project-webprogII\app\Controllers\AdminController.php(28): CodeIgniter\Model->insert(Array)
#8 C:\xampp\htdocs\final-project-webprogII\final-project-webprogII\system\CodeIgniter.php(934): App\Controllers\AdminController->addTable()
#9 C:\xampp\htdocs\final-project-webprogII\final-project-webprogII\system\CodeIgniter.php(499): CodeIgniter\CodeIgniter->runController(Object(App\Controllers\AdminController))
#10 C:\xampp\htdocs\final-project-webprogII\final-project-webprogII\system\CodeIgniter.php(368): CodeIgniter\CodeIgniter->handleRequest(NULL, Object(Config\Cache), false)
#11 C:\xampp\htdocs\final-project-webprogII\final-project-webprogII\public\index.php(67): CodeIgniter\CodeIgniter->run()
#12 C:\xampp\htdocs\final-project-webprogII\final-project-webprogII\system\Commands\Server\rewrite.php(47): require_once('C:\\xampp\\htdocs...')
#13 {main}
CRITICAL - 2023-06-19 09:30:29 --> Column 'table_number' cannot be null
in SYSTEMPATH\Database\MySQLi\Connection.php on line 295.
 1 SYSTEMPATH\Database\MySQLi\Connection.php(295): mysqli->query('INSERT INTO `tables` (`table_number`) VALUES (NULL)', 0)
 2 SYSTEMPATH\Database\BaseConnection.php(691): CodeIgniter\Database\MySQLi\Connection->execute('INSERT INTO `tables` (`table_number`) VALUES (NULL)')
 3 SYSTEMPATH\Database\BaseConnection.php(605): CodeIgniter\Database\BaseConnection->simpleQuery('INSERT INTO `tables` (`table_number`) VALUES (NULL)')
 4 SYSTEMPATH\Database\BaseBuilder.php(2309): CodeIgniter\Database\BaseConnection->query('INSERT INTO `tables` (`table_number`) VALUES (:table_number:)', [...], false)
 5 SYSTEMPATH\Model.php(330): CodeIgniter\Database\BaseBuilder->insert()
 6 SYSTEMPATH\BaseModel.php(782): CodeIgniter\Model->doInsert([...])
 7 SYSTEMPATH\Model.php(730): CodeIgniter\BaseModel->insert([...], true)
 8 APPPATH\Controllers\AdminController.php(28): CodeIgniter\Model->insert([...])
 9 SYSTEMPATH\CodeIgniter.php(934): App\Controllers\AdminController->addTable()
10 SYSTEMPATH\CodeIgniter.php(499): CodeIgniter\CodeIgniter->runController(Object(App\Controllers\AdminController))
11 SYSTEMPATH\CodeIgniter.php(368): CodeIgniter\CodeIgniter->handleRequest(null, Object(Config\Cache), false)
12 FCPATH\index.php(67): CodeIgniter\CodeIgniter->run()
13 SYSTEMPATH\Commands\Server\rewrite.php(47): require_once('C:\\xampp\\htdocs\\final-project-webprogII\\final-project-webprogII\\public\\index.php')
CRITICAL - 2023-06-19 10:05:02 --> There is no data to update.
in SYSTEMPATH\BaseModel.php on line 924.
 1 SYSTEMPATH\BaseModel.php(924): CodeIgniter\Database\Exceptions\DataException::forEmptyDataset('update')
 2 SYSTEMPATH\Model.php(756): CodeIgniter\BaseModel->update([...], [])
 3 APPPATH\Controllers\AdminController.php(69): CodeIgniter\Model->update('3', [...])
 4 SYSTEMPATH\CodeIgniter.php(934): App\Controllers\AdminController->activateTable('3')
 5 SYSTEMPATH\CodeIgniter.php(499): CodeIgniter\CodeIgniter->runController(Object(App\Controllers\AdminController))
 6 SYSTEMPATH\CodeIgniter.php(368): CodeIgniter\CodeIgniter->handleRequest(null, Object(Config\Cache), false)
 7 FCPATH\index.php(67): CodeIgniter\CodeIgniter->run()
 8 SYSTEMPATH\Commands\Server\rewrite.php(47): require_once('C:\\xampp\\htdocs\\final-project-webprogII\\final-project-webprogII\\public\\index.php')
INFO - 2023-06-19 10:12:46 --> Session: Class initialized using 'CodeIgniter\Session\Handlers\FileHandler' driver.
INFO - 2023-06-19 10:12:56 --> Session: Class initialized using 'CodeIgniter\Session\Handlers\FileHandler' driver.
INFO - 2023-06-19 10:13:40 --> Session: Class initialized using 'CodeIgniter\Session\Handlers\FileHandler' driver.
CRITICAL - 2023-06-19 10:14:26 --> Undefined variable $tableNumber
in APPPATH\Views\user\Ubayar.php on line 14.
 1 APPPATH\Views\user\Ubayar.php(14): CodeIgniter\Debug\Exceptions->errorHandler(2, 'Undefined variable $tableNumber', 'C:\\xampp\\htdocs\\final-project-webprogII\\final-project-webprogII\\app\\Views\\user\\Ubayar.php', 14)
 2 SYSTEMPATH\View\View.php(213): include('C:\\xampp\\htdocs\\final-project-webprogII\\final-project-webprogII\\app\\Views\\user\\Ubayar.php')
 3 SYSTEMPATH\View\View.php(216): CodeIgniter\View\View->CodeIgniter\View\{closure}()
 4 SYSTEMPATH\Common.php(1184): CodeIgniter\View\View->render('user/Ubayar', [], true)
 5 APPPATH\Controllers\Home.php(36): view('user/Ubayar')
 6 SYSTEMPATH\CodeIgniter.php(934): App\Controllers\Home->bayarUser()
 7 SYSTEMPATH\CodeIgniter.php(499): CodeIgniter\CodeIgniter->runController(Object(App\Controllers\Home))
 8 SYSTEMPATH\CodeIgniter.php(368): CodeIgniter\CodeIgniter->handleRequest(null, Object(Config\Cache), false)
 9 FCPATH\index.php(67): CodeIgniter\CodeIgniter->run()
10 SYSTEMPATH\Commands\Server\rewrite.php(47): require_once('C:\\xampp\\htdocs\\final-project-webprogII\\final-project-webprogII\\public\\index.php')
