INFO - 2023-06-10 08:30:36 --> Session: Class initialized using 'CodeIgniter\Session\Handlers\FileHandler' driver.
INFO - 2023-06-10 12:19:52 --> Session: Class initialized using 'CodeIgniter\Session\Handlers\FileHandler' driver.
CRITICAL - 2023-06-10 12:53:00 --> Invalid file: "top-card.php"
in SYSTEMPATH\Exceptions\FrameworkException.php on line 33.
 1 SYSTEMPATH\View\View.php(201): CodeIgniter\Exceptions\FrameworkException::forInvalidFile('top-card.php')
 2 SYSTEMPATH\View\View.php(229): CodeIgniter\View\View->render('top-card', [], true)
 3 SYSTEMPATH\Common.php(1184): CodeIgniter\View\View->render('admin/dashPesanan', [], true)
 4 APPPATH\Controllers\Home.php(9): view('admin/dashPesanan')
 5 SYSTEMPATH\CodeIgniter.php(934): App\Controllers\Home->index()
 6 SYSTEMPATH\CodeIgniter.php(499): CodeIgniter\CodeIgniter->runController(Object(App\Controllers\Home))
 7 SYSTEMPATH\CodeIgniter.php(368): CodeIgniter\CodeIgniter->handleRequest(null, Object(Config\Cache), false)
 8 FCPATH\index.php(67): CodeIgniter\CodeIgniter->run()
 9 SYSTEMPATH\Commands\Server\rewrite.php(47): require_once('C:\\xampp\\folder\\sushi-store-layout\\public\\index.php')
CRITICAL - 2023-06-10 13:00:13 --> Undefined property: CodeIgniter\View\View::$ModelUser
in APPPATH\Views\admin\dashPesanan.php on line 18.
 1 APPPATH\Views\admin\dashPesanan.php(18): CodeIgniter\Debug\Exceptions->errorHandler(2, 'Undefined property: CodeIgniter\\View\\View::$ModelUser', 'C:\\xampp\\folder\\sushi-store-layout\\app\\Views\\admin\\dashPesanan.php', 18)
 2 SYSTEMPATH\View\View.php(213): include('C:\\xampp\\folder\\sushi-store-layout\\app\\Views\\admin\\dashPesanan.php')
 3 SYSTEMPATH\View\View.php(216): CodeIgniter\View\View->CodeIgniter\View\{closure}()
 4 SYSTEMPATH\Common.php(1184): CodeIgniter\View\View->render('admin/dashPesanan', [], true)
 5 APPPATH\Controllers\Home.php(9): view('admin/dashPesanan')
 6 SYSTEMPATH\CodeIgniter.php(934): App\Controllers\Home->index()
 7 SYSTEMPATH\CodeIgniter.php(499): CodeIgniter\CodeIgniter->runController(Object(App\Controllers\Home))
 8 SYSTEMPATH\CodeIgniter.php(368): CodeIgniter\CodeIgniter->handleRequest(null, Object(Config\Cache), false)
 9 FCPATH\index.php(67): CodeIgniter\CodeIgniter->run()
10 SYSTEMPATH\Commands\Server\rewrite.php(47): require_once('C:\\xampp\\folder\\sushi-store-layout\\public\\index.php')
